<?xml version="1.0" encoding="UTF-8"?>
<!-- Generated by org.testng.reporters.JUnitXMLReporter -->
<testsuite hostname="DESKTOP-P77456N" ignored="2" name="Test" tests="5" failures="0" timestamp="2023-07-15T13:24:24 IST" time="1.035" errors="0">
  <testcase name="validateFirstName" time="0.158" classname="com.org.tests.UserRegistrationTests"/>
  <testcase name="validateLastName" time="0.085" classname="com.org.tests.UserRegistrationTests"/>
  <testcase name="validateMiddleName" time="0.132" classname="com.org.tests.UserRegistrationTests"/>
  <testcase name="validateJMeterLink" time="0.138" classname="com.org.tests.LeftMenuPageTests"/>
  <testcase name="validateSeleniumLink" time="0.134" classname="com.org.tests.LeftMenuPageTests"/>
  <testcase name="@AfterSuite closeBrowser" time="0.0" classname="com.org.main.BaseTest">
    <ignored/>
  </testcase> <!-- @AfterSuite closeBrowser -->
  <testcase name="@BeforeSuite openBrowser" time="0.0" classname="com.org.main.BaseTest">
    <ignored/>
  </testcase> <!-- @BeforeSuite openBrowser -->
</testsuite> <!-- Test -->
