<?xml version="1.0" encoding="UTF-8"?>
<!-- Generated by org.testng.reporters.JUnitXMLReporter -->
<testsuite hostname="DESKTOP-P77456N" ignored="2" name="Test" tests="5" failures="0" timestamp="2023-07-16T13:19:33 IST" time="13.373" errors="0">
  <testcase name="validateFirstName" time="0.635" classname="com.org.tests.UserRegistrationTests"/>
  <testcase name="validateLastName" time="0.072" classname="com.org.tests.UserRegistrationTests"/>
  <testcase name="validateMiddleName" time="0.153" classname="com.org.tests.UserRegistrationTests"/>
  <testcase name="validateJMeterLink" time="0.194" classname="com.org.tests.LeftMenuPageTests"/>
  <testcase name="validateSeleniumLink" time="0.205" classname="com.org.tests.LeftMenuPageTests"/>
  <testcase name="@AfterSuite saveReport" time="0.0" classname="com.org.main.BaseTest">
    <ignored/>
  </testcase> <!-- @AfterSuite saveReport -->
  <testcase name="@BeforeSuite setUpReport" time="0.0" classname="com.org.main.BaseTest">
    <ignored/>
  </testcase> <!-- @BeforeSuite setUpReport -->
</testsuite> <!-- Test -->
